execve("./json_generic", ["./json_generic"], 0x7ffebf052d10 /* 26 vars */) = 0
brk(NULL)                               = 0x555e35405000
arch_prctl(0x3001 /* ARCH_??? */, 0x7ffdc6e80c90) = -1 EINVAL (Invalid argument)
mmap(NULL, 8192, PROT_READ|PROT_WRITE, MAP_PRIVATE|MAP_ANONYMOUS, -1, 0) = 0x7f78b7b7a000
access("/etc/ld.so.preload", R_OK)      = -1 ENOENT (No such file or directory)
openat(AT_FDCWD, "/etc/ld.so.cache", O_RDONLY|O_CLOEXEC) = 3
newfstatat(3, "", {st_mode=S_IFREG|0644, st_size=38516, ...}, AT_EMPTY_PATH) = 0
mmap(NULL, 38516, PROT_READ, MAP_PRIVATE, 3, 0) = 0x7f78b7b70000
close(3)                                = 0
openat(AT_FDCWD, "/usr/local/lib/libcjson.so.1", O_RDONLY|O_CLOEXEC) = 3
read(3, "\177ELF\2\1\1\0\0\0\0\0\0\0\0\0\3\0>\0\1\0\0\0\0\0\0\0\0\0\0\0"..., 832) = 832
newfstatat(3, "", {st_mode=S_IFREG|0644, st_size=50288, ...}, AT_EMPTY_PATH) = 0
mmap(NULL, 45456, PROT_READ, MAP_PRIVATE|MAP_DENYWRITE, 3, 0) = 0x7f78b7b64000
mmap(0x7f78b7b66000, 24576, PROT_READ|PROT_EXEC, MAP_PRIVATE|MAP_FIXED|MAP_DENYWRITE, 3, 0x2000) = 0x7f78b7b66000
mmap(0x7f78b7b6c000, 8192, PROT_READ, MAP_PRIVATE|MAP_FIXED|MAP_DENYWRITE, 3, 0x8000) = 0x7f78b7b6c000
mmap(0x7f78b7b6e000, 8192, PROT_READ|PROT_WRITE, MAP_PRIVATE|MAP_FIXED|MAP_DENYWRITE, 3, 0x9000) = 0x7f78b7b6e000
close(3)                                = 0
openat(AT_FDCWD, "/lib/x86_64-linux-gnu/libc.so.6", O_RDONLY|O_CLOEXEC) = 3
read(3, "\177ELF\2\1\1\3\0\0\0\0\0\0\0\0\3\0>\0\1\0\0\0P\237\2\0\0\0\0\0"..., 832) = 832
pread64(3, "\6\0\0\0\4\0\0\0@\0\0\0\0\0\0\0@\0\0\0\0\0\0\0@\0\0\0\0\0\0\0"..., 784, 64) = 784
pread64(3, "\4\0\0\0 \0\0\0\5\0\0\0GNU\0\2\0\0\300\4\0\0\0\3\0\0\0\0\0\0\0"..., 48, 848) = 48
pread64(3, "\4\0\0\0\24\0\0\0\3\0\0\0GNU\0\325\31p\226\367\t\200\30)\261\30\257\33|\366c"..., 68, 896) = 68
newfstatat(3, "", {st_mode=S_IFREG|0755, st_size=2220400, ...}, AT_EMPTY_PATH) = 0
pread64(3, "\6\0\0\0\4\0\0\0@\0\0\0\0\0\0\0@\0\0\0\0\0\0\0@\0\0\0\0\0\0\0"..., 784, 64) = 784
mmap(NULL, 2264656, PROT_READ, MAP_PRIVATE|MAP_DENYWRITE, 3, 0) = 0x7f78b793b000
mprotect(0x7f78b7963000, 2023424, PROT_NONE) = 0
mmap(0x7f78b7963000, 1658880, PROT_READ|PROT_EXEC, MAP_PRIVATE|MAP_FIXED|MAP_DENYWRITE, 3, 0x28000) = 0x7f78b7963000
mmap(0x7f78b7af8000, 360448, PROT_READ, MAP_PRIVATE|MAP_FIXED|MAP_DENYWRITE, 3, 0x1bd000) = 0x7f78b7af8000
mmap(0x7f78b7b51000, 24576, PROT_READ|PROT_WRITE, MAP_PRIVATE|MAP_FIXED|MAP_DENYWRITE, 3, 0x215000) = 0x7f78b7b51000
mmap(0x7f78b7b57000, 52816, PROT_READ|PROT_WRITE, MAP_PRIVATE|MAP_FIXED|MAP_ANONYMOUS, -1, 0) = 0x7f78b7b57000
close(3)                                = 0
mmap(NULL, 12288, PROT_READ|PROT_WRITE, MAP_PRIVATE|MAP_ANONYMOUS, -1, 0) = 0x7f78b7938000
arch_prctl(ARCH_SET_FS, 0x7f78b7938740) = 0
set_tid_address(0x7f78b7938a10)         = 1982
set_robust_list(0x7f78b7938a20, 24)     = 0
rseq(0x7f78b79390e0, 0x20, 0, 0x53053053) = 0
mprotect(0x7f78b7b51000, 16384, PROT_READ) = 0
mprotect(0x7f78b7b6e000, 4096, PROT_READ) = 0
mprotect(0x555e08e98000, 4096, PROT_READ) = 0
mprotect(0x7f78b7bb4000, 8192, PROT_READ) = 0
prlimit64(0, RLIMIT_STACK, NULL, {rlim_cur=8192*1024, rlim_max=RLIM64_INFINITY}) = 0
munmap(0x7f78b7b70000, 38516)           = 0
getrandom("\xb3\xea\x76\x21\x0a\xb8\xb3\x5b", 8, GRND_NONBLOCK) = 8
brk(NULL)                               = 0x555e35405000
brk(0x555e35426000)                     = 0x555e35426000
openat(AT_FDCWD, "data.json", O_RDONLY) = 3
newfstatat(3, "", {st_mode=S_IFREG|0644, st_size=198, ...}, AT_EMPTY_PATH) = 0
newfstatat(3, "", {st_mode=S_IFREG|0644, st_size=198, ...}, AT_EMPTY_PATH) = 0
lseek(3, 0, SEEK_SET)                   = 0
read(3, "{\n\t\"nothing\":\t\"NULL\",\n\t\"new_arra"..., 198) = 198
lseek(3, 198, SEEK_SET)                 = 198
close(3)                                = 0
newfstatat(1, "", {st_mode=S_IFCHR|0620, st_rdev=makedev(0x88, 0), ...}, AT_EMPTY_PATH) = 0
write(1, "Options to add to Object\n", 25) = 25
write(1, "\t1. add string\n", 15)       = 15
write(1, "\t2. add number\n", 15)       = 15
write(1, "\t3. add boolean\n", 16)      = 16
write(1, "\t4. add null\n", 13)         = 13
write(1, "\t5. exit\n", 9)              = 9
write(1, "\t6. Display\n", 12)          = 12
write(1, "\t7. Remove key\n", 15)       = 15
write(1, "\t8.add string array\n", 20)  = 20
write(1, "\t9. Nested Object\n", 18)    = 18
write(1, "\t10. Update item\n", 17)     = 17
newfstatat(0, "", {st_mode=S_IFCHR|0620, st_rdev=makedev(0x88, 0), ...}, AT_EMPTY_PATH) = 0
write(1, "Enter your choice:", 18)      = 18
read(0, "6\n", 1024)                    = 2
write(1, "{\n\t\"nothing\":\t\"NULL\",\n\t\"new_arra"..., 196) = 196
write(1, "}\n", 2)                      = 2
openat(AT_FDCWD, "data.json", O_WRONLY|O_CREAT|O_TRUNC, 0666) = 3
newfstatat(3, "", {st_mode=S_IFREG|0644, st_size=0, ...}, AT_EMPTY_PATH) = 0
write(3, "{\n\t\"nothing\":\t\"NULL\",\n\t\"new_arra"..., 198) = 198
close(3)                                = 0
write(1, "Options to add to Object\n\t1. add"..., 158) = 158
write(1, "\t10. Update item\n", 17)     = 17
write(1, "Enter your choice:", 18)      = 18
read(0, "5\n", 1024)                    = 2
write(1, "Exiting Program\n", 16)       = 16
openat(AT_FDCWD, "data.json", O_WRONLY|O_CREAT|O_TRUNC, 0666) = 3
newfstatat(3, "", {st_mode=S_IFREG|0644, st_size=0, ...}, AT_EMPTY_PATH) = 0
write(3, "{\n\t\"nothing\":\t\"NULL\",\n\t\"new_arra"..., 198) = 198
close(3)                                = 0
exit_group(0)                           = ?
+++ exited with 0 +++
