execve("./a.out", ["./a.out"], 0x7ffead48a7c0 /* 26 vars */) = 0
brk(NULL)                               = 0x55882a3f0000
arch_prctl(0x3001 /* ARCH_??? */, 0x7ffc4932fee0) = -1 EINVAL (Invalid argument)
mmap(NULL, 8192, PROT_READ|PROT_WRITE, MAP_PRIVATE|MAP_ANONYMOUS, -1, 0) = 0x7f7b853ea000
access("/etc/ld.so.preload", R_OK)      = -1 ENOENT (No such file or directory)
openat(AT_FDCWD, "/etc/ld.so.cache", O_RDONLY|O_CLOEXEC) = 3
newfstatat(3, "", {st_mode=S_IFREG|0644, st_size=38228, ...}, AT_EMPTY_PATH) = 0
mmap(NULL, 38228, PROT_READ, MAP_PRIVATE, 3, 0) = 0x7f7b853e0000
close(3)                                = 0
openat(AT_FDCWD, "/lib/x86_64-linux-gnu/libc.so.6", O_RDONLY|O_CLOEXEC) = 3
read(3, "\177ELF\2\1\1\3\0\0\0\0\0\0\0\0\3\0>\0\1\0\0\0P\237\2\0\0\0\0\0"..., 832) = 832
pread64(3, "\6\0\0\0\4\0\0\0@\0\0\0\0\0\0\0@\0\0\0\0\0\0\0@\0\0\0\0\0\0\0"..., 784, 64) = 784
pread64(3, "\4\0\0\0 \0\0\0\5\0\0\0GNU\0\2\0\0\300\4\0\0\0\3\0\0\0\0\0\0\0"..., 48, 848) = 48
pread64(3, "\4\0\0\0\24\0\0\0\3\0\0\0GNU\0\325\31p\226\367\t\200\30)\261\30\257\33|\366c"..., 68, 896) = 68
newfstatat(3, "", {st_mode=S_IFREG|0755, st_size=2220400, ...}, AT_EMPTY_PATH) = 0
pread64(3, "\6\0\0\0\4\0\0\0@\0\0\0\0\0\0\0@\0\0\0\0\0\0\0@\0\0\0\0\0\0\0"..., 784, 64) = 784
mmap(NULL, 2264656, PROT_READ, MAP_PRIVATE|MAP_DENYWRITE, 3, 0) = 0x7f7b851b7000
mprotect(0x7f7b851df000, 2023424, PROT_NONE) = 0
mmap(0x7f7b851df000, 1658880, PROT_READ|PROT_EXEC, MAP_PRIVATE|MAP_FIXED|MAP_DENYWRITE, 3, 0x28000) = 0x7f7b851df000
mmap(0x7f7b85374000, 360448, PROT_READ, MAP_PRIVATE|MAP_FIXED|MAP_DENYWRITE, 3, 0x1bd000) = 0x7f7b85374000
mmap(0x7f7b853cd000, 24576, PROT_READ|PROT_WRITE, MAP_PRIVATE|MAP_FIXED|MAP_DENYWRITE, 3, 0x215000) = 0x7f7b853cd000
mmap(0x7f7b853d3000, 52816, PROT_READ|PROT_WRITE, MAP_PRIVATE|MAP_FIXED|MAP_ANONYMOUS, -1, 0) = 0x7f7b853d3000
close(3)                                = 0
mmap(NULL, 12288, PROT_READ|PROT_WRITE, MAP_PRIVATE|MAP_ANONYMOUS, -1, 0) = 0x7f7b851b4000
arch_prctl(ARCH_SET_FS, 0x7f7b851b4740) = 0
set_tid_address(0x7f7b851b4a10)         = 1601
set_robust_list(0x7f7b851b4a20, 24)     = 0
rseq(0x7f7b851b50e0, 0x20, 0, 0x53053053) = 0
mprotect(0x7f7b853cd000, 16384, PROT_READ) = 0
mprotect(0x558815b0a000, 4096, PROT_READ) = 0
mprotect(0x7f7b85424000, 8192, PROT_READ) = 0
prlimit64(0, RLIMIT_STACK, NULL, {rlim_cur=8192*1024, rlim_max=RLIM64_INFINITY}) = 0
munmap(0x7f7b853e0000, 38228)           = 0
getrandom("\x8a\x05\x28\xa7\x9f\x5d\xa7\x34", 8, GRND_NONBLOCK) = 8
brk(NULL)                               = 0x55882a3f0000
brk(0x55882a411000)                     = 0x55882a411000
openat(AT_FDCWD, "test.txt", O_RDWR|O_CREAT|O_APPEND, 0666) = 3
newfstatat(3, "", {st_mode=S_IFREG|0644, st_size=25, ...}, AT_EMPTY_PATH) = 0
read(3, "updated with this string\n", 4096) = 25
newfstatat(1, "", {st_mode=S_IFCHR|0620, st_rdev=makedev(0x88, 0), ...}, AT_EMPTY_PATH) = 0
write(1, "content before update: updated w"..., 48) = 48
write(1, "\n", 1)                       = 1
write(3, "updated with this string\n", 25) = 25
close(3)                                = 0
write(1, "File updated successfully\n", 26) = 26
exit_group(0)                           = ?
+++ exited with 0 +++
